Arguments: 
  C:\Program Files\nodejs\node.exe C:\Users\Kalin\AppData\Roaming\npm\node_modules\yarn\bin\yarn.js add react-router-dom

PATH: 
  C:\Program Files\Git\mingw64\bin;C:\Program Files\Git\usr\bin;C:\Users\Kalin\bin;C:\Users\Kalin\bin;C:\Program Files\Git\mingw64\bin;C:\Program Files\Git\usr\local\bin;C:\Program Files\Git\usr\bin;C:\Program Files\Git\usr\bin;C:\Program Files\Git\mingw64\bin;C:\Program Files\Git\usr\bin;C:\Users\Kalin\bin;C:\Windows\system32;C:\Windows;C:\Windows\System32\Wbem;C:\Windows\System32\WindowsPowerShell\v1.0;C:\Windows\System32\OpenSSH;C:\Program Files (x86)\NVIDIA Corporation\PhysX\Common;C:\Program Files\NVIDIA Corporation\NVIDIA NvDLISR;C:\Program Files (x86)\Microsoft SQL Server\150\DTS\Binn;C:\Program Files\Azure Data Studio\bin;C:\Program Files\Git\cmd;C:\Program Files\nodejs;C:\Program Files\Docker\Docker\resources\bin;C:\ProgramData\DockerDesktop\version-bin;C:\Users\Kalin\AppData\Local\Microsoft\WindowsApps;C:\Users\Kalin\AppData\Local\Programs\Microsoft VS Code\bin;C:\Program Files\Azure Data Studio\bin;C:\Users\Kalin\AppData\Roaming\npm;C:\Program Files\Git\usr\bin\vendor_perl;C:\Program Files\Git\usr\bin\core_perl

Yarn version: 
  1.22.10

Node version: 
  15.5.0

Platform: 
  win32 x64

Trace: 
  Error: EPERM: operation not permitted, unlink 'C:\Users\Kalin\OneDrive\Desktop\im-hungry-frontend\node_modules\esbuild\esbuild.exe'

npm manifest: 
  {
    "name": "im-hungry-frontend",
    "version": "0.0.0",
    "scripts": {
      "start": "vite",
      "build": "vite build",
      "serve": "vite preview"
    },
    "dependencies": {
      "antd": "^4.15.2",
      "axios": "^0.21.1",
      "react": "^17.0.0",
      "react-dom": "^17.0.0",
      "react-router-dom": "^5.2.0"
    },
    "devDependencies": {
      "@vitejs/plugin-react-refresh": "^1.3.1",
      "vite": "^2.1.5"
    }
  }

yarn manifest: 
  No manifest

Lockfile: 
  No lockfile
